{
  "RSpec": {
    "coverage": {
      "/home/protons/project/incubyte/config/environment.rb": {
        "lines": [
          null,
          1,
          null,
          null,
          1
        ]
      },
      "/home/protons/project/incubyte/config/application.rb": {
        "lines": [
          1,
          null,
          1,
          null,
          null,
          null,
          1,
          null,
          1,
          1,
          null,
          1,
          null,
          null,
          null,
          null,
          1,
          null,
          null,
          null,
          null,
          null,
          null,
          null,
          null,
          null,
          null,
          null,
          null,
          null,
          1,
          null,
          null
        ]
      },
      "/home/protons/project/incubyte/config/boot.rb": {
        "lines": [
          1,
          null,
          1,
          1
        ]
      },
      "/home/protons/project/incubyte/config/environments/test.rb": {
        "lines": [
          1,
          null,
          null,
          null,
          null,
          null,
          null,
          1,
          null,
          null,
          null,
          1,
          null,
          null,
          null,
          null,
          null,
          1,
          null,
          null,
          1,
          1,
          null,
          null,
          null,
          null,
          1,
          1,
          1,
          null,
          null,
          1,
          null,
          null,
          1,
          null,
          null,
          1,
          null,
          1,
          null,
          null,
          null,
          null,
          1,
          null,
          null,
          1,
          null,
          null,
          1,
          null,
          null,
          1,
          null,
          null,
          null,
          null,
          null,
          null,
          null,
          null,
          1,
          null
        ]
      },
      "/home/protons/project/incubyte/config/initializers/cors.rb": {
        "lines": [
          null,
          null,
          null,
          null,
          null,
          null,
          null,
          null,
          null,
          null,
          null,
          null,
          null,
          null,
          null,
          null
        ]
      },
      "/home/protons/project/incubyte/config/initializers/filter_parameter_logging.rb": {
        "lines": [
          null,
          null,
          null,
          null,
          null,
          1,
          null,
          null
        ]
      },
      "/home/protons/project/incubyte/config/initializers/inflections.rb": {
        "lines": [
          null,
          null,
          null,
          null,
          null,
          null,
          null,
          null,
          null,
          null,
          null,
          null,
          null,
          null,
          null,
          null
        ]
      },
      "/home/protons/project/incubyte/config/routes.rb": {
        "lines": [
          1,
          null,
          null,
          null,
          null,
          1,
          1,
          null,
          null,
          null
        ]
      },
      "/home/protons/project/incubyte/app/controllers/incubytes_controller.rb": {
        "lines": [
          1,
          1,
          3,
          3,
          3,
          3,
          null,
          null
        ]
      },
      "/home/protons/project/incubyte/app/controllers/application_controller.rb": {
        "lines": [
          1,
          null
        ]
      },
      "/home/protons/project/incubyte/app/services/string_calculator_service.rb": {
        "lines": [
          1,
          1,
          3,
          null,
          3,
          7,
          null,
          6,
          6,
          null,
          5,
          5,
          null,
          1,
          null,
          null,
          1,
          6,
          null,
          null
        ]
      }
    },
    "timestamp": 1709572242
  }
}
